<?xml version="1.0" encoding="UTF-8"?>
<!-- Generated by org.testng.reporters.JUnitReportReporter -->
<testsuite hostname="LAPTOP-GAUPM6CM" failures="0" tests="1" name="aug29th.ValidateLogin" time="7.736" errors="0" timestamp="2024-08-29T09:45:45 IST" skipped="0">
  <testcase classname="aug29th.ValidateLogin" name="validateLoginTest" time="7.736"/>
</testsuite> <!-- aug29th.ValidateLogin -->
